Build started 1/23/2015 11:27:48 AM.
Project "C:\Users\IEUser\Cpp_Lab_02\Lab02_3\Lab02_3\Lab02_3.vcxproj" on node 2 (Build target(s)).
ClCompile:
  C:\Program Files\Microsoft Visual Studio 12.0\VC\bin\CL.exe /c /ZI /nologo /W3 /WX- /sdl /Od /Oy- /D WIN32 /D _DEBUG /D _CONSOLE /D _LIB /D _UNICODE /D UNICODE /Gm /EHsc /RTC1 /MDd /GS /fp:precise /Zc:wchar_t /Zc:forScope /Yu"stdafx.h" /Fp"Debug\Lab02_3.pch" /Fo"Debug\\" /Fd"Debug\vc120.pdb" /Gd /TP /analyze- /errorReport:prompt Lab02_3.cpp
  Lab02_3.cpp
c:\users\ieuser\cpp_lab_02\lab02_3\lab02_3\lab02_3.cpp(47): error C2065: 'die' : undeclared identifier
Done Building Project "C:\Users\IEUser\Cpp_Lab_02\Lab02_3\Lab02_3\Lab02_3.vcxproj" (Build target(s)) -- FAILED.

Build FAILED.

Time Elapsed 00:00:01.26
